  GLTexture.cpp
C:\Users\ahmed\OneDrive\Desktop\New folder\Task_1-main\New folder\[Manman Spongbob]\GLTexture.cpp(61,16): warning C4996: '_strlwr': This function or variable may be unsafe. Consider using _strlwr_s instead. To disable deprecation, use _CRT_SECURE_NO_WARNINGS. See online help for details.
C:\Users\ahmed\OneDrive\Desktop\New folder\Task_1-main\New folder\[Manman Spongbob]\GLTexture.cpp(65,17): warning C4996: 'strtok': This function or variable may be unsafe. Consider using strtok_s instead. To disable deprecation, use _CRT_SECURE_NO_WARNINGS. See online help for details.
C:\Users\ahmed\OneDrive\Desktop\New folder\Task_1-main\New folder\[Manman Spongbob]\GLTexture.cpp(77,16): warning C4996: '_strlwr': This function or variable may be unsafe. Consider using _strlwr_s instead. To disable deprecation, use _CRT_SECURE_NO_WARNINGS. See online help for details.
C:\Users\ahmed\OneDrive\Desktop\New folder\Task_1-main\New folder\[Manman Spongbob]\GLTexture.cpp(146,15): warning C4996: 'fopen': This function or variable may be unsafe. Consider using fopen_s instead. To disable deprecation, use _CRT_SECURE_NO_WARNINGS. See online help for details.
  Model_3DS.cpp
  C:\Users\ahmed\OneDrive\Desktop\New folder\Task_1-main\New folder\[Manman Spongbob]\Model_3DS.cpp(78) : You need to uncomment this if you are using MFC
C:\Users\ahmed\OneDrive\Desktop\New folder\Task_1-main\New folder\[Manman Spongbob]\Model_3DS.cpp(182,10): warning C4996: 'strtok': This function or variable may be unsafe. Consider using strtok_s instead. To disable deprecation, use _CRT_SECURE_NO_WARNINGS. See online help for details.
C:\Users\ahmed\OneDrive\Desktop\New folder\Task_1-main\New folder\[Manman Spongbob]\Model_3DS.cpp(212,11): warning C4996: 'fopen': This function or variable may be unsafe. Consider using fopen_s instead. To disable deprecation, use _CRT_SECURE_NO_WARNINGS. See online help for details.
C:\Users\ahmed\OneDrive\Desktop\New folder\Task_1-main\New folder\[Manman Spongbob]\Model_3DS.cpp(764,2): warning C4996: 'sprintf': This function or variable may be unsafe. Consider using sprintf_s instead. To disable deprecation, use _CRT_SECURE_NO_WARNINGS. See online help for details.
  OpenGLMeshLoader19.cpp
C:\Users\ahmed\OneDrive\Desktop\New folder\Task_1-main\New folder\[Manman Spongbob]\TextureBuilder.h(27,52): warning C4244: 'argument': conversion from 'int' to 'GLfloat', possible loss of data
C:\Users\ahmed\OneDrive\Desktop\New folder\Task_1-main\New folder\[Manman Spongbob]\TextureBuilder.h(28,52): warning C4244: 'argument': conversion from 'int' to 'GLfloat', possible loss of data
C:\Users\ahmed\OneDrive\Desktop\New folder\Task_1-main\New folder\[Manman Spongbob]\OpenGLMeshLoader19.cpp(1189,3): warning C4996: 'sprintf': This function or variable may be unsafe. Consider using sprintf_s instead. To disable deprecation, use _CRT_SECURE_NO_WARNINGS. See online help for details.
C:\Users\ahmed\OneDrive\Desktop\New folder\Task_1-main\New folder\[Manman Spongbob]\OpenGLMeshLoader19.cpp(1195,3): warning C4996: 'sprintf': This function or variable may be unsafe. Consider using sprintf_s instead. To disable deprecation, use _CRT_SECURE_NO_WARNINGS. See online help for details.
C:\Users\ahmed\OneDrive\Desktop\New folder\Task_1-main\New folder\[Manman Spongbob]\OpenGLMeshLoader19.cpp(1610,3): warning C4996: 'sprintf': This function or variable may be unsafe. Consider using sprintf_s instead. To disable deprecation, use _CRT_SECURE_NO_WARNINGS. See online help for details.
C:\Users\ahmed\OneDrive\Desktop\New folder\Task_1-main\New folder\[Manman Spongbob]\OpenGLMeshLoader19.cpp(1616,3): warning C4996: 'sprintf': This function or variable may be unsafe. Consider using sprintf_s instead. To disable deprecation, use _CRT_SECURE_NO_WARNINGS. See online help for details.
C:\Users\ahmed\OneDrive\Desktop\New folder\Task_1-main\New folder\[Manman Spongbob]\OpenGLMeshLoader19.cpp(1625,3): warning C4996: 'sprintf': This function or variable may be unsafe. Consider using sprintf_s instead. To disable deprecation, use _CRT_SECURE_NO_WARNINGS. See online help for details.
  Generating Code...
GLTexture.obj : warning LNK4075: ignoring '/EDITANDCONTINUE' due to '/INCREMENTAL:NO' specification
  OpenGLMeshLoader.vcxproj -> C:\Users\ahmed\OneDrive\Desktop\New folder\Task_1-main\New folder\[Manman Spongbob]\Debug\OpenGLMeshLoader19.exe
